<?xml version="1.0" encoding="UTF-8"?>
<coverage generated="1777738375941" clover="3.2.0">
  <project timestamp="1777738375941" name="All files">
    <metrics statements="308" coveredstatements="224" conditionals="108" coveredconditionals="62" methods="63" coveredmethods="53" elements="479" coveredelements="339" complexity="0" loc="308" ncloc="308" packages="4" files="9" classes="9"/>
    <package name="db">
      <metrics statements="21" coveredstatements="18" conditionals="4" coveredconditionals="3" methods="4" coveredmethods="3"/>
      <file name="database.ts" path="C:\Users\User\Documents\2025-2026\CSA311\lab13\partB\src\db\database.ts">
        <metrics statements="21" coveredstatements="18" conditionals="4" coveredconditionals="3" methods="4" coveredmethods="3"/>
        <line num="1" count="1" type="stmt"/>
        <line num="2" count="1" type="stmt"/>
        <line num="7" count="1" type="stmt"/>
        <line num="8" count="10" type="cond" truecount="1" falsecount="0"/>
        <line num="9" count="1" type="cond" truecount="2" falsecount="0"/>
        <line num="10" count="1" type="stmt"/>
        <line num="11" count="1" type="stmt"/>
        <line num="12" count="1" type="stmt"/>
        <line num="13" count="1" type="stmt"/>
        <line num="14" count="1" type="stmt"/>
        <line num="16" count="10" type="stmt"/>
        <line num="19" count="1" type="stmt"/>
        <line num="20" count="0" type="cond" truecount="0" falsecount="1"/>
        <line num="21" count="0" type="stmt"/>
        <line num="22" count="0" type="stmt"/>
        <line num="26" count="1" type="stmt"/>
        <line num="27" count="22" type="stmt"/>
        <line num="28" count="22" type="stmt"/>
        <line num="29" count="22" type="stmt"/>
        <line num="30" count="22" type="stmt"/>
        <line num="34" count="23" type="stmt"/>
      </file>
    </package>
    <package name="middleware">
      <metrics statements="7" coveredstatements="2" conditionals="6" coveredconditionals="0" methods="2" coveredmethods="0"/>
      <file name="errorHandler.ts" path="C:\Users\User\Documents\2025-2026\CSA311\lab13\partB\src\middleware\errorHandler.ts">
        <metrics statements="7" coveredstatements="2" conditionals="6" coveredconditionals="0" methods="2" coveredmethods="0"/>
        <line num="8" count="1" type="stmt"/>
        <line num="14" count="0" type="cond" truecount="0" falsecount="2"/>
        <line num="15" count="0" type="cond" truecount="0" falsecount="4"/>
        <line num="19" count="0" type="stmt"/>
        <line num="23" count="0" type="stmt"/>
        <line num="26" count="1" type="stmt"/>
        <line num="27" count="0" type="stmt"/>
      </file>
    </package>
    <package name="repositories">
      <metrics statements="68" coveredstatements="53" conditionals="29" coveredconditionals="22" methods="25" coveredmethods="22"/>
      <file name="BookRepository.ts" path="C:\Users\User\Documents\2025-2026\CSA311\lab13\partB\src\repositories\BookRepository.ts">
        <metrics statements="22" coveredstatements="20" conditionals="15" coveredconditionals="12" methods="9" coveredmethods="9"/>
        <line num="4" count="1" type="stmt"/>
        <line num="5" count="22" type="stmt"/>
        <line num="8" count="3" type="cond" truecount="1" falsecount="0"/>
        <line num="9" count="1" type="stmt"/>
        <line num="10" count="1" type="stmt"/>
        <line num="18" count="2" type="stmt"/>
        <line num="26" count="30" type="stmt"/>
        <line num="34" count="16" type="stmt"/>
        <line num="42" count="15" type="stmt"/>
        <line num="54" count="15" type="stmt"/>
        <line num="58" count="1" type="stmt"/>
        <line num="59" count="1" type="cond" truecount="0" falsecount="1"/>
        <line num="62" count="1" type="stmt"/>
        <line num="63" count="1" type="cond" truecount="0" falsecount="1"/>
        <line num="64" count="0" type="stmt"/>
        <line num="65" count="0" type="stmt"/>
        <line num="68" count="1" type="stmt"/>
        <line num="84" count="1" type="stmt"/>
        <line num="88" count="1" type="stmt"/>
        <line num="89" count="1" type="stmt"/>
        <line num="93" count="7" type="stmt"/>
        <line num="99" count="3" type="stmt"/>
      </file>
      <file name="LoanRepository.ts" path="C:\Users\User\Documents\2025-2026\CSA311\lab13\partB\src\repositories\LoanRepository.ts">
        <metrics statements="24" coveredstatements="15" conditionals="3" coveredconditionals="2" methods="9" coveredmethods="7"/>
        <line num="5" count="1" type="stmt"/>
        <line num="6" count="22" type="stmt"/>
        <line num="9" count="0" type="stmt"/>
        <line num="19" count="0" type="stmt"/>
        <line num="20" count="0" type="cond" truecount="0" falsecount="1"/>
        <line num="21" count="0" type="stmt"/>
        <line num="22" count="0" type="stmt"/>
        <line num="24" count="0" type="stmt"/>
        <line num="25" count="0" type="stmt"/>
        <line num="29" count="14" type="stmt"/>
        <line num="42" count="0" type="stmt"/>
        <line num="49" count="1" type="stmt"/>
        <line num="56" count="7" type="cond" truecount="2" falsecount="0"/>
        <line num="57" count="7" type="stmt"/>
        <line num="61" count="7" type="stmt"/>
        <line num="65" count="3" type="stmt"/>
        <line num="70" count="3" type="stmt"/>
        <line num="75" count="1" type="stmt"/>
        <line num="79" count="1" type="stmt"/>
        <line num="83" count="1" type="stmt"/>
        <line num="87" count="1" type="stmt"/>
        <line num="88" count="1" type="stmt"/>
        <line num="89" count="0" type="stmt"/>
        <line num="91" count="1" type="stmt"/>
      </file>
      <file name="MemberRepository.ts" path="C:\Users\User\Documents\2025-2026\CSA311\lab13\partB\src\repositories\MemberRepository.ts">
        <metrics statements="22" coveredstatements="18" conditionals="11" coveredconditionals="8" methods="7" coveredmethods="6"/>
        <line num="4" count="1" type="stmt"/>
        <line num="5" count="22" type="stmt"/>
        <line num="8" count="3" type="stmt"/>
        <line num="12" count="3" type="stmt"/>
        <line num="14" count="3" type="cond" truecount="0" falsecount="1"/>
        <line num="15" count="0" type="stmt"/>
        <line num="16" count="0" type="stmt"/>
        <line num="18" count="3" type="cond" truecount="1" falsecount="0"/>
        <line num="19" count="1" type="stmt"/>
        <line num="20" count="1" type="stmt"/>
        <line num="22" count="3" type="stmt"/>
        <line num="24" count="3" type="stmt"/>
        <line num="28" count="25" type="stmt"/>
        <line num="35" count="14" type="stmt"/>
        <line num="42" count="13" type="stmt"/>
        <line num="45" count="13" type="stmt"/>
        <line num="49" count="2" type="stmt"/>
        <line num="50" count="2" type="cond" truecount="0" falsecount="1"/>
        <line num="52" count="2" type="stmt"/>
        <line num="63" count="2" type="stmt"/>
        <line num="67" count="0" type="stmt"/>
        <line num="68" count="0" type="stmt"/>
      </file>
    </package>
    <package name="routes">
      <metrics statements="212" coveredstatements="151" conditionals="69" coveredconditionals="37" methods="32" coveredmethods="28"/>
      <file name="book.routes.ts" path="C:\Users\User\Documents\2025-2026\CSA311\lab13\partB\src\routes\book.routes.ts">
        <metrics statements="63" coveredstatements="49" conditionals="26" coveredconditionals="17" methods="8" coveredmethods="8"/>
        <line num="1" count="1" type="stmt"/>
        <line num="2" count="1" type="stmt"/>
        <line num="3" count="1" type="stmt"/>
        <line num="4" count="1" type="stmt"/>
        <line num="7" count="1" type="stmt"/>
        <line num="8" count="22" type="stmt"/>
        <line num="10" count="39" type="cond" truecount="1" falsecount="1"/>
        <line num="11" count="22" type="cond" truecount="1" falsecount="1"/>
        <line num="14" count="22" type="stmt"/>
        <line num="15" count="2" type="stmt"/>
        <line num="16" count="2" type="stmt"/>
        <line num="17" count="2" type="stmt"/>
        <line num="18" count="2" type="stmt"/>
        <line num="22" count="22" type="stmt"/>
        <line num="23" count="4" type="stmt"/>
        <line num="24" count="4" type="cond" truecount="0" falsecount="1"/>
        <line num="25" count="0" type="stmt"/>
        <line num="26" count="0" type="stmt"/>
        <line num="28" count="4" type="stmt"/>
        <line num="29" count="4" type="cond" truecount="1" falsecount="0"/>
        <line num="30" count="1" type="stmt"/>
        <line num="31" count="1" type="stmt"/>
        <line num="33" count="3" type="stmt"/>
        <line num="37" count="22" type="stmt"/>
        <line num="38" count="17" type="stmt"/>
        <line num="40" count="17" type="cond" truecount="4" falsecount="0"/>
        <line num="41" count="1" type="stmt"/>
        <line num="42" count="1" type="stmt"/>
        <line num="44" count="16" type="cond" truecount="3" falsecount="1"/>
        <line num="45" count="0" type="stmt"/>
        <line num="46" count="0" type="stmt"/>
        <line num="50" count="16" type="stmt"/>
        <line num="51" count="16" type="cond" truecount="1" falsecount="0"/>
        <line num="52" count="1" type="stmt"/>
        <line num="53" count="1" type="stmt"/>
        <line num="56" count="15" type="stmt"/>
        <line num="64" count="15" type="stmt"/>
        <line num="68" count="22" type="stmt"/>
        <line num="69" count="1" type="stmt"/>
        <line num="70" count="1" type="cond" truecount="0" falsecount="1"/>
        <line num="71" count="0" type="stmt"/>
        <line num="72" count="0" type="stmt"/>
        <line num="74" count="1" type="stmt"/>
        <line num="75" count="1" type="stmt"/>
        <line num="76" count="1" type="cond" truecount="0" falsecount="1"/>
        <line num="77" count="0" type="stmt"/>
        <line num="78" count="0" type="stmt"/>
        <line num="80" count="1" type="stmt"/>
        <line num="84" count="22" type="stmt"/>
        <line num="85" count="1" type="stmt"/>
        <line num="86" count="1" type="cond" truecount="0" falsecount="1"/>
        <line num="87" count="0" type="stmt"/>
        <line num="88" count="0" type="stmt"/>
        <line num="91" count="1" type="stmt"/>
        <line num="92" count="1" type="cond" truecount="0" falsecount="1"/>
        <line num="93" count="0" type="stmt"/>
        <line num="94" count="0" type="stmt"/>
        <line num="96" count="1" type="stmt"/>
        <line num="97" count="1" type="cond" truecount="0" falsecount="1"/>
        <line num="98" count="0" type="stmt"/>
        <line num="99" count="0" type="stmt"/>
        <line num="101" count="1" type="stmt"/>
        <line num="104" count="22" type="stmt"/>
      </file>
      <file name="dashboard.routes.ts" path="C:\Users\User\Documents\2025-2026\CSA311\lab13\partB\src\routes\dashboard.routes.ts">
        <metrics statements="21" coveredstatements="21" conditionals="10" coveredconditionals="5" methods="7" coveredmethods="7"/>
        <line num="1" count="1" type="stmt"/>
        <line num="2" count="1" type="stmt"/>
        <line num="3" count="1" type="stmt"/>
        <line num="4" count="1" type="stmt"/>
        <line num="5" count="1" type="stmt"/>
        <line num="8" count="1" type="stmt"/>
        <line num="13" count="22" type="stmt"/>
        <line num="14" count="22" type="cond" truecount="1" falsecount="1"/>
        <line num="15" count="22" type="cond" truecount="1" falsecount="1"/>
        <line num="16" count="22" type="cond" truecount="1" falsecount="1"/>
        <line num="19" count="22" type="stmt"/>
        <line num="21" count="1" type="stmt"/>
        <line num="23" count="1" type="stmt"/>
        <line num="24" count="1" type="stmt"/>
        <line num="25" count="1" type="stmt"/>
        <line num="26" count="1" type="stmt"/>
        <line num="28" count="1" type="stmt"/>
        <line num="29" count="1" type="stmt"/>
        <line num="31" count="1" type="stmt"/>
        <line num="41" count="1" type="stmt"/>
        <line num="44" count="22" type="stmt"/>
      </file>
      <file name="loan.routes.ts" path="C:\Users\User\Documents\2025-2026\CSA311\lab13\partB\src\routes\loan.routes.ts">
        <metrics statements="71" coveredstatements="48" conditionals="18" coveredconditionals="8" methods="10" coveredmethods="8"/>
        <line num="1" count="1" type="stmt"/>
        <line num="2" count="1" type="stmt"/>
        <line num="3" count="1" type="stmt"/>
        <line num="4" count="1" type="stmt"/>
        <line num="5" count="1" type="stmt"/>
        <line num="8" count="1" type="stmt"/>
        <line num="13" count="22" type="stmt"/>
        <line num="14" count="22" type="cond" truecount="1" falsecount="1"/>
        <line num="15" count="22" type="cond" truecount="1" falsecount="1"/>
        <line num="16" count="22" type="cond" truecount="1" falsecount="1"/>
        <line num="19" count="22" type="stmt"/>
        <line num="20" count="0" type="stmt"/>
        <line num="22" count="0" type="stmt"/>
        <line num="23" count="0" type="stmt"/>
        <line num="24" count="0" type="stmt"/>
        <line num="28" count="22" type="stmt"/>
        <line num="29" count="0" type="stmt"/>
        <line num="30" count="0" type="cond" truecount="0" falsecount="1"/>
        <line num="31" count="0" type="stmt"/>
        <line num="32" count="0" type="stmt"/>
        <line num="34" count="0" type="stmt"/>
        <line num="35" count="0" type="cond" truecount="0" falsecount="1"/>
        <line num="36" count="0" type="stmt"/>
        <line num="37" count="0" type="stmt"/>
        <line num="39" count="0" type="stmt"/>
        <line num="43" count="22" type="stmt"/>
        <line num="44" count="9" type="stmt"/>
        <line num="46" count="9" type="cond" truecount="2" falsecount="1"/>
        <line num="47" count="0" type="stmt"/>
        <line num="48" count="0" type="stmt"/>
        <line num="52" count="9" type="stmt"/>
        <line num="53" count="9" type="cond" truecount="0" falsecount="1"/>
        <line num="54" count="0" type="stmt"/>
        <line num="55" count="0" type="stmt"/>
        <line num="57" count="9" type="cond" truecount="1" falsecount="0"/>
        <line num="58" count="1" type="stmt"/>
        <line num="59" count="1" type="stmt"/>
        <line num="63" count="8" type="stmt"/>
        <line num="64" count="8" type="cond" truecount="0" falsecount="1"/>
        <line num="65" count="0" type="stmt"/>
        <line num="66" count="0" type="stmt"/>
        <line num="68" count="8" type="cond" truecount="1" falsecount="0"/>
        <line num="69" count="1" type="stmt"/>
        <line num="70" count="1" type="stmt"/>
        <line num="74" count="7" type="stmt"/>
        <line num="75" count="7" type="stmt"/>
        <line num="76" count="7" type="stmt"/>
        <line num="77" count="7" type="stmt"/>
        <line num="78" count="7" type="stmt"/>
        <line num="81" count="7" type="stmt"/>
        <line num="82" count="7" type="stmt"/>
        <line num="86" count="22" type="stmt"/>
        <line num="87" count="4" type="stmt"/>
        <line num="88" count="4" type="cond" truecount="0" falsecount="1"/>
        <line num="89" count="0" type="stmt"/>
        <line num="90" count="0" type="stmt"/>
        <line num="93" count="4" type="stmt"/>
        <line num="94" count="4" type="cond" truecount="0" falsecount="1"/>
        <line num="95" count="0" type="stmt"/>
        <line num="96" count="0" type="stmt"/>
        <line num="98" count="4" type="cond" truecount="1" falsecount="0"/>
        <line num="99" count="1" type="stmt"/>
        <line num="100" count="1" type="stmt"/>
        <line num="103" count="3" type="stmt"/>
        <line num="104" count="3" type="stmt"/>
        <line num="105" count="3" type="stmt"/>
        <line num="106" count="3" type="stmt"/>
        <line num="107" count="3" type="stmt"/>
        <line num="110" count="3" type="stmt"/>
        <line num="111" count="3" type="stmt"/>
        <line num="114" count="22" type="stmt"/>
      </file>
      <file name="member.routes.ts" path="C:\Users\User\Documents\2025-2026\CSA311\lab13\partB\src\routes\member.routes.ts">
        <metrics statements="57" coveredstatements="33" conditionals="15" coveredconditionals="7" methods="7" coveredmethods="5"/>
        <line num="2" count="1" type="stmt"/>
        <line num="3" count="1" type="stmt"/>
        <line num="4" count="1" type="stmt"/>
        <line num="7" count="1" type="stmt"/>
        <line num="8" count="22" type="stmt"/>
        <line num="9" count="30" type="cond" truecount="1" falsecount="1"/>
        <line num="12" count="22" type="stmt"/>
        <line num="13" count="1" type="stmt"/>
        <line num="14" count="1" type="stmt"/>
        <line num="15" count="1" type="stmt"/>
        <line num="16" count="1" type="stmt"/>
        <line num="20" count="22" type="stmt"/>
        <line num="21" count="0" type="stmt"/>
        <line num="22" count="0" type="cond" truecount="0" falsecount="1"/>
        <line num="23" count="0" type="stmt"/>
        <line num="24" count="0" type="stmt"/>
        <line num="26" count="0" type="stmt"/>
        <line num="27" count="0" type="cond" truecount="0" falsecount="1"/>
        <line num="28" count="0" type="stmt"/>
        <line num="29" count="0" type="stmt"/>
        <line num="31" count="0" type="stmt"/>
        <line num="35" count="22" type="stmt"/>
        <line num="36" count="15" type="stmt"/>
        <line num="37" count="15" type="cond" truecount="2" falsecount="1"/>
        <line num="38" count="0" type="stmt"/>
        <line num="39" count="0" type="stmt"/>
        <line num="42" count="15" type="stmt"/>
        <line num="43" count="15" type="cond" truecount="1" falsecount="0"/>
        <line num="44" count="1" type="stmt"/>
        <line num="45" count="1" type="stmt"/>
        <line num="48" count="14" type="cond" truecount="1" falsecount="0"/>
        <line num="49" count="1" type="stmt"/>
        <line num="50" count="1" type="stmt"/>
        <line num="52" count="13" type="cond" truecount="2" falsecount="0"/>
        <line num="53" count="13" type="stmt"/>
        <line num="57" count="22" type="stmt"/>
        <line num="58" count="2" type="stmt"/>
        <line num="59" count="2" type="cond" truecount="0" falsecount="1"/>
        <line num="60" count="0" type="stmt"/>
        <line num="61" count="0" type="stmt"/>
        <line num="63" count="2" type="stmt"/>
        <line num="64" count="2" type="stmt"/>
        <line num="65" count="2" type="cond" truecount="0" falsecount="1"/>
        <line num="66" count="0" type="stmt"/>
        <line num="67" count="0" type="stmt"/>
        <line num="69" count="2" type="stmt"/>
        <line num="73" count="22" type="stmt"/>
        <line num="74" count="0" type="stmt"/>
        <line num="75" count="0" type="cond" truecount="0" falsecount="1"/>
        <line num="76" count="0" type="stmt"/>
        <line num="77" count="0" type="stmt"/>
        <line num="79" count="0" type="stmt"/>
        <line num="80" count="0" type="cond" truecount="0" falsecount="1"/>
        <line num="81" count="0" type="stmt"/>
        <line num="82" count="0" type="stmt"/>
        <line num="84" count="0" type="stmt"/>
        <line num="87" count="22" type="stmt"/>
      </file>
    </package>
  </project>
</coverage>
