{"C:\\Users\\User\\Documents\\2025-2026\\CSA311\\lab13\\partB\\src\\db\\database.ts": {"path":"C:\\Users\\User\\Documents\\2025-2026\\CSA311\\lab13\\partB\\src\\db\\database.ts","statementMap":{"0":{"start":{"line":7,"column":0},"end":{"line":7,"column":16}},"1":{"start":{"line":19,"column":0},"end":{"line":19,"column":16}},"2":{"start":{"line":26,"column":0},"end":{"line":26,"column":16}},"3":{"start":{"line":1,"column":0},"end":{"line":1,"column":38}},"4":{"start":{"line":2,"column":0},"end":{"line":2,"column":24}},"5":{"start":{"line":8,"column":4},"end":{"line":15,"column":5}},"6":{"start":{"line":9,"column":23},"end":{"line":9,"column":60}},"7":{"start":{"line":10,"column":29},"end":{"line":10,"column":49}},"8":{"start":{"line":11,"column":8},"end":{"line":11,"column":40}},"9":{"start":{"line":12,"column":8},"end":{"line":12,"column":40}},"10":{"start":{"line":13,"column":8},"end":{"line":13,"column":39}},"11":{"start":{"line":14,"column":8},"end":{"line":14,"column":26}},"12":{"start":{"line":16,"column":4},"end":{"line":16,"column":14}},"13":{"start":{"line":20,"column":4},"end":{"line":23,"column":5}},"14":{"start":{"line":21,"column":8},"end":{"line":21,"column":19}},"15":{"start":{"line":22,"column":9},"end":{"line":22,"column":32}},"16":{"start":{"line":27,"column":19},"end":{"line":27,"column":43}},"17":{"start":{"line":28,"column":4},"end":{"line":28,"column":39}},"18":{"start":{"line":29,"column":4},"end":{"line":29,"column":26}},"19":{"start":{"line":30,"column":4},"end":{"line":30,"column":18}},"20":{"start":{"line":34,"column":4},"end":{"line":76,"column":7}}},"fnMap":{"0":{"name":"getDb","decl":{"start":{"line":7,"column":16},"end":{"line":7,"column":21}},"loc":{"start":{"line":7,"column":21},"end":{"line":17,"column":1}}},"1":{"name":"closeDb","decl":{"start":{"line":19,"column":16},"end":{"line":19,"column":23}},"loc":{"start":{"line":19,"column":23},"end":{"line":24,"column":1}}},"2":{"name":"createTestDb","decl":{"start":{"line":26,"column":16},"end":{"line":26,"column":28}},"loc":{"start":{"line":26,"column":28},"end":{"line":31,"column":1}}},"3":{"name":"runMigrations","decl":{"start":{"line":33,"column":9},"end":{"line":33,"column":22}},"loc":{"start":{"line":33,"column":50},"end":{"line":77,"column":1}}}},"branchMap":{"0":{"loc":{"start":{"line":8,"column":4},"end":{"line":15,"column":5}},"type":"if","locations":[{"start":{"line":8,"column":4},"end":{"line":15,"column":5}}]},"1":{"loc":{"start":{"line":9,"column":23},"end":{"line":9,"column":60}},"type":"binary-expr","locations":[{"start":{"line":9,"column":23},"end":{"line":9,"column":42}},{"start":{"line":9,"column":46},"end":{"line":9,"column":60}}]},"2":{"loc":{"start":{"line":20,"column":4},"end":{"line":23,"column":5}},"type":"if","locations":[{"start":{"line":20,"column":4},"end":{"line":23,"column":5}}]}},"s":{"0":1,"1":1,"2":1,"3":1,"4":1,"5":10,"6":1,"7":1,"8":1,"9":1,"10":1,"11":1,"12":10,"13":0,"14":0,"15":0,"16":22,"17":22,"18":22,"19":22,"20":23},"f":{"0":10,"1":0,"2":22,"3":23},"b":{"0":[1],"1":[1,1],"2":[0]}}
,"C:\\Users\\User\\Documents\\2025-2026\\CSA311\\lab13\\partB\\src\\middleware\\errorHandler.ts": {"path":"C:\\Users\\User\\Documents\\2025-2026\\CSA311\\lab13\\partB\\src\\middleware\\errorHandler.ts","statementMap":{"0":{"start":{"line":8,"column":0},"end":{"line":8,"column":16}},"1":{"start":{"line":26,"column":0},"end":{"line":26,"column":16}},"2":{"start":{"line":14,"column":23},"end":{"line":14,"column":44}},"3":{"start":{"line":15,"column":20},"end":{"line":17,"column":21}},"4":{"start":{"line":19,"column":41},"end":{"line":22,"column":6}},"5":{"start":{"line":23,"column":4},"end":{"line":23,"column":42}},"6":{"start":{"line":27,"column":4},"end":{"line":27,"column":71}}},"fnMap":{"0":{"name":"errorHandler","decl":{"start":{"line":8,"column":16},"end":{"line":8,"column":28}},"loc":{"start":{"line":12,"column":23},"end":{"line":24,"column":1}}},"1":{"name":"notFound","decl":{"start":{"line":26,"column":16},"end":{"line":26,"column":24}},"loc":{"start":{"line":26,"column":53},"end":{"line":28,"column":1}}}},"branchMap":{"0":{"loc":{"start":{"line":14,"column":23},"end":{"line":14,"column":44}},"type":"binary-expr","locations":[{"start":{"line":14,"column":23},"end":{"line":14,"column":37}},{"start":{"line":14,"column":41},"end":{"line":14,"column":44}}]},"1":{"loc":{"start":{"line":15,"column":20},"end":{"line":17,"column":21}},"type":"cond-expr","locations":[{"start":{"line":16,"column":10},"end":{"line":16,"column":33}},{"start":{"line":17,"column":10},"end":{"line":17,"column":21}}]},"2":{"loc":{"start":{"line":15,"column":20},"end":{"line":15,"column":79}},"type":"binary-expr","locations":[{"start":{"line":15,"column":20},"end":{"line":15,"column":57}},{"start":{"line":15,"column":61},"end":{"line":15,"column":79}}]}},"s":{"0":1,"1":1,"2":0,"3":0,"4":0,"5":0,"6":0},"f":{"0":0,"1":0},"b":{"0":[0,0],"1":[0,0],"2":[0,0]}}
,"C:\\Users\\User\\Documents\\2025-2026\\CSA311\\lab13\\partB\\src\\repositories\\BookRepository.ts": {"path":"C:\\Users\\User\\Documents\\2025-2026\\CSA311\\lab13\\partB\\src\\repositories\\BookRepository.ts","statementMap":{"0":{"start":{"line":5,"column":24},"end":{"line":5,"column":45}},"1":{"start":{"line":8,"column":8},"end":{"line":17,"column":9}},"2":{"start":{"line":9,"column":22},"end":{"line":9,"column":35}},"3":{"start":{"line":10,"column":12},"end":{"line":16,"column":38}},"4":{"start":{"line":18,"column":8},"end":{"line":22,"column":27}},"5":{"start":{"line":26,"column":8},"end":{"line":30,"column":39}},"6":{"start":{"line":34,"column":8},"end":{"line":38,"column":41}},"7":{"start":{"line":42,"column":23},"end":{"line":52,"column":null}},"8":{"start":{"line":54,"column":8},"end":{"line":54,"column":71}},"9":{"start":{"line":58,"column":25},"end":{"line":58,"column":42}},"10":{"start":{"line":59,"column":8},"end":{"line":59,"column":40}},"11":{"start":{"line":59,"column":23},"end":{"line":59,"column":40}},"12":{"start":{"line":62,"column":27},"end":{"line":62,"column":52}},"13":{"start":{"line":63,"column":8},"end":{"line":66,"column":9}},"14":{"start":{"line":64,"column":25},"end":{"line":64,"column":65}},"15":{"start":{"line":65,"column":12},"end":{"line":65,"column":73}},"16":{"start":{"line":68,"column":8},"end":{"line":83,"column":10}},"17":{"start":{"line":84,"column":8},"end":{"line":84,"column":33}},"18":{"start":{"line":88,"column":23},"end":{"line":88,"column":80}},"19":{"start":{"line":89,"column":8},"end":{"line":89,"column":34}},"20":{"start":{"line":93,"column":8},"end":{"line":95,"column":19}},"21":{"start":{"line":99,"column":8},"end":{"line":101,"column":19}},"22":{"start":{"line":4,"column":0},"end":{"line":4,"column":13}}},"fnMap":{"0":{"name":"(anonymous_0)","decl":{"start":{"line":5,"column":4},"end":{"line":5,"column":24}},"loc":{"start":{"line":5,"column":45},"end":{"line":5,"column":49}}},"1":{"name":"(anonymous_1)","decl":{"start":{"line":7,"column":4},"end":{"line":7,"column":11}},"loc":{"start":{"line":7,"column":27},"end":{"line":23,"column":5}}},"2":{"name":"(anonymous_2)","decl":{"start":{"line":25,"column":4},"end":{"line":25,"column":12}},"loc":{"start":{"line":25,"column":23},"end":{"line":31,"column":5}}},"3":{"name":"(anonymous_3)","decl":{"start":{"line":33,"column":4},"end":{"line":33,"column":14}},"loc":{"start":{"line":33,"column":27},"end":{"line":39,"column":5}}},"4":{"name":"(anonymous_4)","decl":{"start":{"line":41,"column":4},"end":{"line":41,"column":10}},"loc":{"start":{"line":41,"column":29},"end":{"line":55,"column":5}}},"5":{"name":"(anonymous_5)","decl":{"start":{"line":57,"column":4},"end":{"line":57,"column":10}},"loc":{"start":{"line":57,"column":41},"end":{"line":85,"column":5}}},"6":{"name":"(anonymous_6)","decl":{"start":{"line":87,"column":4},"end":{"line":87,"column":10}},"loc":{"start":{"line":87,"column":21},"end":{"line":90,"column":5}}},"7":{"name":"(anonymous_7)","decl":{"start":{"line":92,"column":4},"end":{"line":92,"column":22}},"loc":{"start":{"line":92,"column":33},"end":{"line":96,"column":5}}},"8":{"name":"(anonymous_8)","decl":{"start":{"line":98,"column":4},"end":{"line":98,"column":22}},"loc":{"start":{"line":98,"column":33},"end":{"line":102,"column":5}}}},"branchMap":{"0":{"loc":{"start":{"line":8,"column":8},"end":{"line":17,"column":9}},"type":"if","locations":[{"start":{"line":8,"column":8},"end":{"line":17,"column":9}}]},"1":{"loc":{"start":{"line":59,"column":8},"end":{"line":59,"column":40}},"type":"if","locations":[{"start":{"line":59,"column":8},"end":{"line":59,"column":40}}]},"2":{"loc":{"start":{"line":63,"column":8},"end":{"line":66,"column":9}},"type":"if","locations":[{"start":{"line":63,"column":8},"end":{"line":66,"column":9}}]},"3":{"loc":{"start":{"line":75,"column":12},"end":{"line":75,"column":37}},"type":"binary-expr","locations":[{"start":{"line":75,"column":12},"end":{"line":75,"column":20}},{"start":{"line":75,"column":24},"end":{"line":75,"column":37}}]},"4":{"loc":{"start":{"line":76,"column":12},"end":{"line":76,"column":39}},"type":"binary-expr","locations":[{"start":{"line":76,"column":12},"end":{"line":76,"column":21}},{"start":{"line":76,"column":25},"end":{"line":76,"column":39}}]},"5":{"loc":{"start":{"line":77,"column":12},"end":{"line":77,"column":41}},"type":"binary-expr","locations":[{"start":{"line":77,"column":12},"end":{"line":77,"column":22}},{"start":{"line":77,"column":26},"end":{"line":77,"column":41}}]},"6":{"loc":{"start":{"line":78,"column":12},"end":{"line":78,"column":39}},"type":"binary-expr","locations":[{"start":{"line":78,"column":12},"end":{"line":78,"column":21}},{"start":{"line":78,"column":25},"end":{"line":78,"column":39}}]},"7":{"loc":{"start":{"line":79,"column":12},"end":{"line":79,"column":57}},"type":"binary-expr","locations":[{"start":{"line":79,"column":12},"end":{"line":79,"column":30}},{"start":{"line":79,"column":34},"end":{"line":79,"column":57}}]},"8":{"loc":{"start":{"line":80,"column":12},"end":{"line":80,"column":53}},"type":"binary-expr","locations":[{"start":{"line":80,"column":12},"end":{"line":80,"column":28}},{"start":{"line":80,"column":32},"end":{"line":80,"column":53}}]}},"s":{"0":22,"1":3,"2":1,"3":1,"4":2,"5":30,"6":16,"7":15,"8":15,"9":1,"10":1,"11":0,"12":1,"13":1,"14":0,"15":0,"16":1,"17":1,"18":1,"19":1,"20":7,"21":3,"22":1},"f":{"0":22,"1":3,"2":30,"3":16,"4":15,"5":1,"6":1,"7":7,"8":3},"b":{"0":[1],"1":[0],"2":[0],"3":[1,1],"4":[1,0],"5":[1,1],"6":[1,1],"7":[1,1],"8":[1,1]}}
,"C:\\Users\\User\\Documents\\2025-2026\\CSA311\\lab13\\partB\\src\\repositories\\LoanRepository.ts": {"path":"C:\\Users\\User\\Documents\\2025-2026\\CSA311\\lab13\\partB\\src\\repositories\\LoanRepository.ts","statementMap":{"0":{"start":{"line":6,"column":24},"end":{"line":6,"column":45}},"1":{"start":{"line":9,"column":20},"end":{"line":18,"column":10}},"2":{"start":{"line":19,"column":34},"end":{"line":19,"column":36}},"3":{"start":{"line":20,"column":8},"end":{"line":23,"column":9}},"4":{"start":{"line":21,"column":12},"end":{"line":21,"column":41}},"5":{"start":{"line":22,"column":12},"end":{"line":22,"column":32}},"6":{"start":{"line":24,"column":8},"end":{"line":24,"column":47}},"7":{"start":{"line":25,"column":8},"end":{"line":25,"column":63}},"8":{"start":{"line":29,"column":8},"end":{"line":38,"column":39}},"9":{"start":{"line":42,"column":8},"end":{"line":45,"column":35}},"10":{"start":{"line":49,"column":8},"end":{"line":52,"column":33}},"11":{"start":{"line":56,"column":24},"end":{"line":56,"column":42}},"12":{"start":{"line":57,"column":23},"end":{"line":60,"column":51}},"13":{"start":{"line":61,"column":8},"end":{"line":61,"column":71}},"14":{"start":{"line":65,"column":8},"end":{"line":69,"column":19}},"15":{"start":{"line":70,"column":8},"end":{"line":70,"column":33}},"16":{"start":{"line":75,"column":23},"end":{"line":78,"column":16}},"17":{"start":{"line":79,"column":8},"end":{"line":79,"column":30}},"18":{"start":{"line":83,"column":21},"end":{"line":85,"column":55}},"19":{"start":{"line":87,"column":47},"end":{"line":87,"column":85}},"20":{"start":{"line":88,"column":8},"end":{"line":90,"column":9}},"21":{"start":{"line":89,"column":12},"end":{"line":89,"column":43}},"22":{"start":{"line":91,"column":8},"end":{"line":91,"column":22}},"23":{"start":{"line":5,"column":0},"end":{"line":5,"column":13}}},"fnMap":{"0":{"name":"(anonymous_0)","decl":{"start":{"line":6,"column":4},"end":{"line":6,"column":24}},"loc":{"start":{"line":6,"column":45},"end":{"line":6,"column":49}}},"1":{"name":"(anonymous_1)","decl":{"start":{"line":8,"column":4},"end":{"line":8,"column":11}},"loc":{"start":{"line":8,"column":27},"end":{"line":26,"column":5}}},"2":{"name":"(anonymous_2)","decl":{"start":{"line":28,"column":4},"end":{"line":28,"column":12}},"loc":{"start":{"line":28,"column":23},"end":{"line":39,"column":5}}},"3":{"name":"(anonymous_3)","decl":{"start":{"line":41,"column":4},"end":{"line":41,"column":22}},"loc":{"start":{"line":41,"column":39},"end":{"line":46,"column":5}}},"4":{"name":"(anonymous_4)","decl":{"start":{"line":48,"column":4},"end":{"line":48,"column":20}},"loc":{"start":{"line":48,"column":35},"end":{"line":53,"column":5}}},"5":{"name":"(anonymous_5)","decl":{"start":{"line":55,"column":4},"end":{"line":55,"column":10}},"loc":{"start":{"line":55,"column":29},"end":{"line":62,"column":5}}},"6":{"name":"(anonymous_6)","decl":{"start":{"line":64,"column":4},"end":{"line":64,"column":14}},"loc":{"start":{"line":64,"column":25},"end":{"line":71,"column":5}}},"7":{"name":"(anonymous_7)","decl":{"start":{"line":74,"column":4},"end":{"line":74,"column":15}},"loc":{"start":{"line":74,"column":15},"end":{"line":80,"column":5}}},"8":{"name":"(anonymous_8)","decl":{"start":{"line":82,"column":4},"end":{"line":82,"column":17}},"loc":{"start":{"line":82,"column":17},"end":{"line":92,"column":5}}}},"branchMap":{"0":{"loc":{"start":{"line":20,"column":8},"end":{"line":23,"column":9}},"type":"if","locations":[{"start":{"line":20,"column":8},"end":{"line":23,"column":9}}]},"1":{"loc":{"start":{"line":56,"column":24},"end":{"line":56,"column":42}},"type":"binary-expr","locations":[{"start":{"line":56,"column":24},"end":{"line":56,"column":36}},{"start":{"line":56,"column":40},"end":{"line":56,"column":42}}]}},"s":{"0":22,"1":0,"2":0,"3":0,"4":0,"5":0,"6":0,"7":0,"8":14,"9":0,"10":1,"11":7,"12":7,"13":7,"14":3,"15":3,"16":1,"17":1,"18":1,"19":1,"20":1,"21":0,"22":1,"23":1},"f":{"0":22,"1":0,"2":14,"3":0,"4":1,"5":7,"6":3,"7":1,"8":1},"b":{"0":[0],"1":[7,7]}}
,"C:\\Users\\User\\Documents\\2025-2026\\CSA311\\lab13\\partB\\src\\repositories\\MemberRepository.ts": {"path":"C:\\Users\\User\\Documents\\2025-2026\\CSA311\\lab13\\partB\\src\\repositories\\MemberRepository.ts","statementMap":{"0":{"start":{"line":5,"column":24},"end":{"line":5,"column":45}},"1":{"start":{"line":8,"column":20},"end":{"line":11,"column":10}},"2":{"start":{"line":12,"column":34},"end":{"line":12,"column":36}},"3":{"start":{"line":14,"column":8},"end":{"line":17,"column":9}},"4":{"start":{"line":15,"column":12},"end":{"line":15,"column":58}},"5":{"start":{"line":16,"column":12},"end":{"line":16,"column":54}},"6":{"start":{"line":18,"column":8},"end":{"line":21,"column":9}},"7":{"start":{"line":19,"column":12},"end":{"line":19,"column":39}},"8":{"start":{"line":20,"column":12},"end":{"line":20,"column":32}},"9":{"start":{"line":22,"column":8},"end":{"line":22,"column":34}},"10":{"start":{"line":24,"column":8},"end":{"line":24,"column":65}},"11":{"start":{"line":28,"column":8},"end":{"line":31,"column":41}},"12":{"start":{"line":35,"column":8},"end":{"line":38,"column":44}},"13":{"start":{"line":42,"column":23},"end":{"line":44,"column":46}},"14":{"start":{"line":45,"column":8},"end":{"line":45,"column":73}},"15":{"start":{"line":49,"column":25},"end":{"line":49,"column":42}},"16":{"start":{"line":50,"column":8},"end":{"line":50,"column":40}},"17":{"start":{"line":50,"column":23},"end":{"line":50,"column":40}},"18":{"start":{"line":52,"column":8},"end":{"line":62,"column":10}},"19":{"start":{"line":63,"column":8},"end":{"line":63,"column":33}},"20":{"start":{"line":67,"column":23},"end":{"line":67,"column":82}},"21":{"start":{"line":68,"column":8},"end":{"line":68,"column":34}},"22":{"start":{"line":4,"column":0},"end":{"line":4,"column":13}}},"fnMap":{"0":{"name":"(anonymous_0)","decl":{"start":{"line":5,"column":4},"end":{"line":5,"column":24}},"loc":{"start":{"line":5,"column":45},"end":{"line":5,"column":49}}},"1":{"name":"(anonymous_1)","decl":{"start":{"line":7,"column":4},"end":{"line":7,"column":11}},"loc":{"start":{"line":7,"column":44},"end":{"line":25,"column":5}}},"2":{"name":"(anonymous_2)","decl":{"start":{"line":27,"column":4},"end":{"line":27,"column":12}},"loc":{"start":{"line":27,"column":23},"end":{"line":32,"column":5}}},"3":{"name":"(anonymous_3)","decl":{"start":{"line":34,"column":4},"end":{"line":34,"column":15}},"loc":{"start":{"line":34,"column":29},"end":{"line":39,"column":5}}},"4":{"name":"(anonymous_4)","decl":{"start":{"line":41,"column":4},"end":{"line":41,"column":10}},"loc":{"start":{"line":41,"column":31},"end":{"line":46,"column":5}}},"5":{"name":"(anonymous_5)","decl":{"start":{"line":48,"column":4},"end":{"line":48,"column":10}},"loc":{"start":{"line":48,"column":43},"end":{"line":64,"column":5}}},"6":{"name":"(anonymous_6)","decl":{"start":{"line":66,"column":4},"end":{"line":66,"column":10}},"loc":{"start":{"line":66,"column":21},"end":{"line":69,"column":5}}}},"branchMap":{"0":{"loc":{"start":{"line":14,"column":8},"end":{"line":17,"column":9}},"type":"if","locations":[{"start":{"line":14,"column":8},"end":{"line":17,"column":9}}]},"1":{"loc":{"start":{"line":18,"column":8},"end":{"line":21,"column":9}},"type":"if","locations":[{"start":{"line":18,"column":8},"end":{"line":21,"column":9}}]},"2":{"loc":{"start":{"line":50,"column":8},"end":{"line":50,"column":40}},"type":"if","locations":[{"start":{"line":50,"column":8},"end":{"line":50,"column":40}}]},"3":{"loc":{"start":{"line":57,"column":8},"end":{"line":57,"column":33}},"type":"binary-expr","locations":[{"start":{"line":57,"column":8},"end":{"line":57,"column":16}},{"start":{"line":57,"column":20},"end":{"line":57,"column":33}}]},"4":{"loc":{"start":{"line":58,"column":8},"end":{"line":58,"column":35}},"type":"binary-expr","locations":[{"start":{"line":58,"column":8},"end":{"line":58,"column":17}},{"start":{"line":58,"column":21},"end":{"line":58,"column":35}}]},"5":{"loc":{"start":{"line":59,"column":8},"end":{"line":59,"column":35}},"type":"binary-expr","locations":[{"start":{"line":59,"column":8},"end":{"line":59,"column":17}},{"start":{"line":59,"column":21},"end":{"line":59,"column":35}}]},"6":{"loc":{"start":{"line":60,"column":8},"end":{"line":60,"column":37}},"type":"binary-expr","locations":[{"start":{"line":60,"column":8},"end":{"line":60,"column":18}},{"start":{"line":60,"column":22},"end":{"line":60,"column":37}}]}},"s":{"0":22,"1":3,"2":3,"3":3,"4":0,"5":0,"6":3,"7":1,"8":1,"9":3,"10":3,"11":25,"12":14,"13":13,"14":13,"15":2,"16":2,"17":0,"18":2,"19":2,"20":0,"21":0,"22":1},"f":{"0":22,"1":3,"2":25,"3":14,"4":13,"5":2,"6":0},"b":{"0":[0],"1":[1],"2":[0],"3":[2,2],"4":[2,2],"5":[2,2],"6":[2,0]}}
,"C:\\Users\\User\\Documents\\2025-2026\\CSA311\\lab13\\partB\\src\\routes\\book.routes.ts": {"path":"C:\\Users\\User\\Documents\\2025-2026\\CSA311\\lab13\\partB\\src\\routes\\book.routes.ts","statementMap":{"0":{"start":{"line":7,"column":0},"end":{"line":7,"column":16}},"1":{"start":{"line":1,"column":0},"end":{"line":1,"column":52}},"2":{"start":{"line":2,"column":0},"end":{"line":2,"column":64}},"3":{"start":{"line":3,"column":0},"end":{"line":3,"column":64}},"4":{"start":{"line":4,"column":0},"end":{"line":4,"column":39}},"5":{"start":{"line":8,"column":19},"end":{"line":8,"column":27}},"6":{"start":{"line":10,"column":24},"end":{"line":10,"column":69}},"7":{"start":{"line":10,"column":30},"end":{"line":10,"column":69}},"8":{"start":{"line":11,"column":24},"end":{"line":11,"column":69}},"9":{"start":{"line":11,"column":30},"end":{"line":11,"column":69}},"10":{"start":{"line":14,"column":4},"end":{"line":19,"column":7}},"11":{"start":{"line":15,"column":23},"end":{"line":15,"column":61}},"12":{"start":{"line":16,"column":22},"end":{"line":16,"column":51}},"13":{"start":{"line":17,"column":46},"end":{"line":17,"column":76}},"14":{"start":{"line":18,"column":8},"end":{"line":18,"column":27}},"15":{"start":{"line":22,"column":4},"end":{"line":34,"column":7}},"16":{"start":{"line":23,"column":19},"end":{"line":23,"column":42}},"17":{"start":{"line":24,"column":8},"end":{"line":27,"column":9}},"18":{"start":{"line":25,"column":12},"end":{"line":25,"column":74}},"19":{"start":{"line":26,"column":12},"end":{"line":26,"column":19}},"20":{"start":{"line":28,"column":21},"end":{"line":28,"column":47}},"21":{"start":{"line":29,"column":8},"end":{"line":32,"column":9}},"22":{"start":{"line":30,"column":12},"end":{"line":30,"column":78}},"23":{"start":{"line":31,"column":12},"end":{"line":31,"column":19}},"24":{"start":{"line":33,"column":8},"end":{"line":33,"column":48}},"25":{"start":{"line":37,"column":4},"end":{"line":65,"column":7}},"26":{"start":{"line":38,"column":77},"end":{"line":38,"column":102}},"27":{"start":{"line":40,"column":8},"end":{"line":43,"column":9}},"28":{"start":{"line":41,"column":12},"end":{"line":41,"column":96}},"29":{"start":{"line":42,"column":12},"end":{"line":42,"column":19}},"30":{"start":{"line":44,"column":8},"end":{"line":47,"column":9}},"31":{"start":{"line":45,"column":12},"end":{"line":45,"column":89}},"32":{"start":{"line":46,"column":12},"end":{"line":46,"column":19}},"33":{"start":{"line":50,"column":25},"end":{"line":50,"column":55}},"34":{"start":{"line":51,"column":8},"end":{"line":54,"column":9}},"35":{"start":{"line":52,"column":12},"end":{"line":52,"column":83}},"36":{"start":{"line":53,"column":12},"end":{"line":53,"column":19}},"37":{"start":{"line":56,"column":21},"end":{"line":63,"column":10}},"38":{"start":{"line":64,"column":8},"end":{"line":64,"column":60}},"39":{"start":{"line":68,"column":4},"end":{"line":81,"column":7}},"40":{"start":{"line":69,"column":19},"end":{"line":69,"column":42}},"41":{"start":{"line":70,"column":8},"end":{"line":73,"column":9}},"42":{"start":{"line":71,"column":12},"end":{"line":71,"column":74}},"43":{"start":{"line":72,"column":12},"end":{"line":72,"column":19}},"44":{"start":{"line":74,"column":20},"end":{"line":74,"column":45}},"45":{"start":{"line":75,"column":21},"end":{"line":75,"column":50}},"46":{"start":{"line":76,"column":8},"end":{"line":79,"column":9}},"47":{"start":{"line":77,"column":12},"end":{"line":77,"column":78}},"48":{"start":{"line":78,"column":12},"end":{"line":78,"column":19}},"49":{"start":{"line":80,"column":8},"end":{"line":80,"column":48}},"50":{"start":{"line":84,"column":4},"end":{"line":102,"column":7}},"51":{"start":{"line":85,"column":19},"end":{"line":85,"column":42}},"52":{"start":{"line":86,"column":8},"end":{"line":89,"column":9}},"53":{"start":{"line":87,"column":12},"end":{"line":87,"column":74}},"54":{"start":{"line":88,"column":12},"end":{"line":88,"column":19}},"55":{"start":{"line":91,"column":28},"end":{"line":91,"column":62}},"56":{"start":{"line":92,"column":8},"end":{"line":95,"column":9}},"57":{"start":{"line":93,"column":12},"end":{"line":93,"column":100}},"58":{"start":{"line":94,"column":12},"end":{"line":94,"column":19}},"59":{"start":{"line":96,"column":24},"end":{"line":96,"column":48}},"60":{"start":{"line":97,"column":8},"end":{"line":100,"column":9}},"61":{"start":{"line":98,"column":12},"end":{"line":98,"column":78}},"62":{"start":{"line":99,"column":12},"end":{"line":99,"column":19}},"63":{"start":{"line":101,"column":8},"end":{"line":101,"column":61}},"64":{"start":{"line":104,"column":4},"end":{"line":104,"column":18}}},"fnMap":{"0":{"name":"createBookRouter","decl":{"start":{"line":7,"column":16},"end":{"line":7,"column":32}},"loc":{"start":{"line":7,"column":85},"end":{"line":105,"column":1}}},"1":{"name":"(anonymous_1)","decl":{"start":{"line":10,"column":24},"end":{"line":10,"column":27}},"loc":{"start":{"line":10,"column":30},"end":{"line":10,"column":69}}},"2":{"name":"(anonymous_2)","decl":{"start":{"line":11,"column":24},"end":{"line":11,"column":27}},"loc":{"start":{"line":11,"column":30},"end":{"line":11,"column":69}}},"3":{"name":"(anonymous_3)","decl":{"start":{"line":14,"column":20},"end":{"line":14,"column":21}},"loc":{"start":{"line":14,"column":52},"end":{"line":19,"column":5}}},"4":{"name":"(anonymous_4)","decl":{"start":{"line":22,"column":23},"end":{"line":22,"column":24}},"loc":{"start":{"line":22,"column":55},"end":{"line":34,"column":5}}},"5":{"name":"(anonymous_5)","decl":{"start":{"line":37,"column":21},"end":{"line":37,"column":22}},"loc":{"start":{"line":37,"column":53},"end":{"line":65,"column":5}}},"6":{"name":"(anonymous_6)","decl":{"start":{"line":68,"column":23},"end":{"line":68,"column":24}},"loc":{"start":{"line":68,"column":55},"end":{"line":81,"column":5}}},"7":{"name":"(anonymous_7)","decl":{"start":{"line":84,"column":26},"end":{"line":84,"column":27}},"loc":{"start":{"line":84,"column":58},"end":{"line":102,"column":5}}}},"branchMap":{"0":{"loc":{"start":{"line":10,"column":30},"end":{"line":10,"column":69}},"type":"binary-expr","locations":[{"start":{"line":10,"column":30},"end":{"line":10,"column":38}},{"start":{"line":10,"column":42},"end":{"line":10,"column":69}}]},"1":{"loc":{"start":{"line":11,"column":30},"end":{"line":11,"column":69}},"type":"binary-expr","locations":[{"start":{"line":11,"column":30},"end":{"line":11,"column":38}},{"start":{"line":11,"column":42},"end":{"line":11,"column":69}}]},"2":{"loc":{"start":{"line":24,"column":8},"end":{"line":27,"column":9}},"type":"if","locations":[{"start":{"line":24,"column":8},"end":{"line":27,"column":9}}]},"3":{"loc":{"start":{"line":29,"column":8},"end":{"line":32,"column":9}},"type":"if","locations":[{"start":{"line":29,"column":8},"end":{"line":32,"column":9}}]},"4":{"loc":{"start":{"line":40,"column":8},"end":{"line":43,"column":9}},"type":"if","locations":[{"start":{"line":40,"column":8},"end":{"line":43,"column":9}}]},"5":{"loc":{"start":{"line":40,"column":12},"end":{"line":40,"column":38}},"type":"binary-expr","locations":[{"start":{"line":40,"column":12},"end":{"line":40,"column":17}},{"start":{"line":40,"column":21},"end":{"line":40,"column":27}},{"start":{"line":40,"column":31},"end":{"line":40,"column":38}}]},"6":{"loc":{"start":{"line":44,"column":8},"end":{"line":47,"column":9}},"type":"if","locations":[{"start":{"line":44,"column":8},"end":{"line":47,"column":9}}]},"7":{"loc":{"start":{"line":44,"column":12},"end":{"line":44,"column":83}},"type":"binary-expr","locations":[{"start":{"line":44,"column":12},"end":{"line":44,"column":38}},{"start":{"line":44,"column":43},"end":{"line":44,"column":62}},{"start":{"line":44,"column":66},"end":{"line":44,"column":82}}]},"8":{"loc":{"start":{"line":51,"column":8},"end":{"line":54,"column":9}},"type":"if","locations":[{"start":{"line":51,"column":8},"end":{"line":54,"column":9}}]},"9":{"loc":{"start":{"line":60,"column":19},"end":{"line":60,"column":30}},"type":"binary-expr","locations":[{"start":{"line":60,"column":19},"end":{"line":60,"column":24}},{"start":{"line":60,"column":28},"end":{"line":60,"column":30}}]},"10":{"loc":{"start":{"line":61,"column":28},"end":{"line":61,"column":47}},"type":"binary-expr","locations":[{"start":{"line":61,"column":28},"end":{"line":61,"column":42}},{"start":{"line":61,"column":46},"end":{"line":61,"column":47}}]},"11":{"loc":{"start":{"line":62,"column":26},"end":{"line":62,"column":43}},"type":"binary-expr","locations":[{"start":{"line":62,"column":26},"end":{"line":62,"column":38}},{"start":{"line":62,"column":42},"end":{"line":62,"column":43}}]},"12":{"loc":{"start":{"line":70,"column":8},"end":{"line":73,"column":9}},"type":"if","locations":[{"start":{"line":70,"column":8},"end":{"line":73,"column":9}}]},"13":{"loc":{"start":{"line":76,"column":8},"end":{"line":79,"column":9}},"type":"if","locations":[{"start":{"line":76,"column":8},"end":{"line":79,"column":9}}]},"14":{"loc":{"start":{"line":86,"column":8},"end":{"line":89,"column":9}},"type":"if","locations":[{"start":{"line":86,"column":8},"end":{"line":89,"column":9}}]},"15":{"loc":{"start":{"line":92,"column":8},"end":{"line":95,"column":9}},"type":"if","locations":[{"start":{"line":92,"column":8},"end":{"line":95,"column":9}}]},"16":{"loc":{"start":{"line":97,"column":8},"end":{"line":100,"column":9}},"type":"if","locations":[{"start":{"line":97,"column":8},"end":{"line":100,"column":9}}]}},"s":{"0":1,"1":1,"2":1,"3":1,"4":1,"5":22,"6":22,"7":39,"8":22,"9":1,"10":22,"11":2,"12":2,"13":2,"14":2,"15":22,"16":4,"17":4,"18":0,"19":0,"20":4,"21":4,"22":1,"23":1,"24":3,"25":22,"26":17,"27":17,"28":1,"29":1,"30":16,"31":0,"32":0,"33":16,"34":16,"35":1,"36":1,"37":15,"38":15,"39":22,"40":1,"41":1,"42":0,"43":0,"44":1,"45":1,"46":1,"47":0,"48":0,"49":1,"50":22,"51":1,"52":1,"53":0,"54":0,"55":1,"56":1,"57":0,"58":0,"59":1,"60":1,"61":0,"62":0,"63":1,"64":22},"f":{"0":22,"1":39,"2":1,"3":2,"4":4,"5":17,"6":1,"7":1},"b":{"0":[39,0],"1":[1,0],"2":[0],"3":[1],"4":[1],"5":[17,17,16],"6":[0],"7":[16,9,9],"8":[1],"9":[15,14],"10":[15,14],"11":[15,6],"12":[0],"13":[0],"14":[0],"15":[0],"16":[0]}}
,"C:\\Users\\User\\Documents\\2025-2026\\CSA311\\lab13\\partB\\src\\routes\\dashboard.routes.ts": {"path":"C:\\Users\\User\\Documents\\2025-2026\\CSA311\\lab13\\partB\\src\\routes\\dashboard.routes.ts","statementMap":{"0":{"start":{"line":8,"column":0},"end":{"line":8,"column":16}},"1":{"start":{"line":1,"column":0},"end":{"line":1,"column":52}},"2":{"start":{"line":2,"column":0},"end":{"line":2,"column":64}},"3":{"start":{"line":3,"column":0},"end":{"line":3,"column":68}},"4":{"start":{"line":4,"column":0},"end":{"line":4,"column":64}},"5":{"start":{"line":5,"column":0},"end":{"line":5,"column":39}},"6":{"start":{"line":13,"column":19},"end":{"line":13,"column":27}},"7":{"start":{"line":14,"column":24},"end":{"line":14,"column":69}},"8":{"start":{"line":14,"column":30},"end":{"line":14,"column":69}},"9":{"start":{"line":15,"column":26},"end":{"line":15,"column":75}},"10":{"start":{"line":15,"column":32},"end":{"line":15,"column":75}},"11":{"start":{"line":16,"column":24},"end":{"line":16,"column":69}},"12":{"start":{"line":16,"column":30},"end":{"line":16,"column":69}},"13":{"start":{"line":19,"column":4},"end":{"line":42,"column":7}},"14":{"start":{"line":21,"column":8},"end":{"line":21,"column":36}},"15":{"start":{"line":23,"column":22},"end":{"line":23,"column":45}},"16":{"start":{"line":24,"column":27},"end":{"line":24,"column":52}},"17":{"start":{"line":25,"column":30},"end":{"line":25,"column":74}},"18":{"start":{"line":26,"column":27},"end":{"line":26,"column":56}},"19":{"start":{"line":28,"column":28},"end":{"line":28,"column":77}},"20":{"start":{"line":28,"column":53},"end":{"line":28,"column":73}},"21":{"start":{"line":29,"column":32},"end":{"line":29,"column":85}},"22":{"start":{"line":29,"column":57},"end":{"line":29,"column":81}},"23":{"start":{"line":31,"column":38},"end":{"line":39,"column":10}},"24":{"start":{"line":41,"column":8},"end":{"line":41,"column":49}},"25":{"start":{"line":44,"column":4},"end":{"line":44,"column":18}}},"fnMap":{"0":{"name":"createDashboardRouter","decl":{"start":{"line":8,"column":16},"end":{"line":8,"column":37}},"loc":{"start":{"line":11,"column":29},"end":{"line":45,"column":1}}},"1":{"name":"(anonymous_1)","decl":{"start":{"line":14,"column":24},"end":{"line":14,"column":27}},"loc":{"start":{"line":14,"column":30},"end":{"line":14,"column":69}}},"2":{"name":"(anonymous_2)","decl":{"start":{"line":15,"column":26},"end":{"line":15,"column":29}},"loc":{"start":{"line":15,"column":32},"end":{"line":15,"column":75}}},"3":{"name":"(anonymous_3)","decl":{"start":{"line":16,"column":24},"end":{"line":16,"column":27}},"loc":{"start":{"line":16,"column":30},"end":{"line":16,"column":69}}},"4":{"name":"(anonymous_4)","decl":{"start":{"line":19,"column":20},"end":{"line":19,"column":21}},"loc":{"start":{"line":19,"column":53},"end":{"line":42,"column":5}}},"5":{"name":"(anonymous_5)","decl":{"start":{"line":28,"column":41},"end":{"line":28,"column":42}},"loc":{"start":{"line":28,"column":53},"end":{"line":28,"column":73}}},"6":{"name":"(anonymous_6)","decl":{"start":{"line":29,"column":45},"end":{"line":29,"column":46}},"loc":{"start":{"line":29,"column":57},"end":{"line":29,"column":81}}}},"branchMap":{"0":{"loc":{"start":{"line":14,"column":30},"end":{"line":14,"column":69}},"type":"binary-expr","locations":[{"start":{"line":14,"column":30},"end":{"line":14,"column":38}},{"start":{"line":14,"column":42},"end":{"line":14,"column":69}}]},"1":{"loc":{"start":{"line":15,"column":32},"end":{"line":15,"column":75}},"type":"binary-expr","locations":[{"start":{"line":15,"column":32},"end":{"line":15,"column":42}},{"start":{"line":15,"column":46},"end":{"line":15,"column":75}}]},"2":{"loc":{"start":{"line":16,"column":30},"end":{"line":16,"column":69}},"type":"binary-expr","locations":[{"start":{"line":16,"column":30},"end":{"line":16,"column":38}},{"start":{"line":16,"column":42},"end":{"line":16,"column":69}}]},"3":{"loc":{"start":{"line":37,"column":26},"end":{"line":37,"column":51}},"type":"binary-expr","locations":[{"start":{"line":37,"column":26},"end":{"line":37,"column":46}},{"start":{"line":37,"column":50},"end":{"line":37,"column":51}}]},"4":{"loc":{"start":{"line":38,"column":27},"end":{"line":38,"column":53}},"type":"binary-expr","locations":[{"start":{"line":38,"column":27},"end":{"line":38,"column":48}},{"start":{"line":38,"column":52},"end":{"line":38,"column":53}}]}},"s":{"0":1,"1":1,"2":1,"3":1,"4":1,"5":1,"6":22,"7":22,"8":1,"9":22,"10":2,"11":22,"12":2,"13":22,"14":1,"15":1,"16":1,"17":1,"18":1,"19":1,"20":1,"21":1,"22":1,"23":1,"24":1,"25":22},"f":{"0":22,"1":1,"2":2,"3":2,"4":1,"5":1,"6":1},"b":{"0":[1,0],"1":[2,0],"2":[2,0],"3":[1,0],"4":[1,0]}}
,"C:\\Users\\User\\Documents\\2025-2026\\CSA311\\lab13\\partB\\src\\routes\\loan.routes.ts": {"path":"C:\\Users\\User\\Documents\\2025-2026\\CSA311\\lab13\\partB\\src\\routes\\loan.routes.ts","statementMap":{"0":{"start":{"line":8,"column":0},"end":{"line":8,"column":16}},"1":{"start":{"line":1,"column":0},"end":{"line":1,"column":52}},"2":{"start":{"line":2,"column":0},"end":{"line":2,"column":64}},"3":{"start":{"line":3,"column":0},"end":{"line":3,"column":64}},"4":{"start":{"line":4,"column":0},"end":{"line":4,"column":68}},"5":{"start":{"line":5,"column":0},"end":{"line":5,"column":39}},"6":{"start":{"line":13,"column":19},"end":{"line":13,"column":27}},"7":{"start":{"line":14,"column":24},"end":{"line":14,"column":69}},"8":{"start":{"line":14,"column":30},"end":{"line":14,"column":69}},"9":{"start":{"line":15,"column":24},"end":{"line":15,"column":69}},"10":{"start":{"line":15,"column":30},"end":{"line":15,"column":69}},"11":{"start":{"line":16,"column":26},"end":{"line":16,"column":75}},"12":{"start":{"line":16,"column":32},"end":{"line":16,"column":75}},"13":{"start":{"line":19,"column":4},"end":{"line":25,"column":7}},"14":{"start":{"line":20,"column":23},"end":{"line":20,"column":61}},"15":{"start":{"line":22,"column":8},"end":{"line":22,"column":36}},"16":{"start":{"line":23,"column":22},"end":{"line":23,"column":51}},"17":{"start":{"line":24,"column":8},"end":{"line":24,"column":49}},"18":{"start":{"line":28,"column":4},"end":{"line":40,"column":7}},"19":{"start":{"line":29,"column":19},"end":{"line":29,"column":42}},"20":{"start":{"line":30,"column":8},"end":{"line":33,"column":9}},"21":{"start":{"line":31,"column":12},"end":{"line":31,"column":74}},"22":{"start":{"line":32,"column":12},"end":{"line":32,"column":19}},"23":{"start":{"line":34,"column":21},"end":{"line":34,"column":47}},"24":{"start":{"line":35,"column":8},"end":{"line":38,"column":9}},"25":{"start":{"line":36,"column":12},"end":{"line":36,"column":78}},"26":{"start":{"line":37,"column":12},"end":{"line":37,"column":19}},"27":{"start":{"line":39,"column":8},"end":{"line":39,"column":48}},"28":{"start":{"line":43,"column":4},"end":{"line":83,"column":7}},"29":{"start":{"line":44,"column":49},"end":{"line":44,"column":74}},"30":{"start":{"line":46,"column":8},"end":{"line":49,"column":9}},"31":{"start":{"line":47,"column":12},"end":{"line":47,"column":98}},"32":{"start":{"line":48,"column":12},"end":{"line":48,"column":19}},"33":{"start":{"line":52,"column":21},"end":{"line":52,"column":52}},"34":{"start":{"line":53,"column":8},"end":{"line":56,"column":9}},"35":{"start":{"line":54,"column":12},"end":{"line":54,"column":78}},"36":{"start":{"line":55,"column":12},"end":{"line":55,"column":19}},"37":{"start":{"line":57,"column":8},"end":{"line":60,"column":9}},"38":{"start":{"line":58,"column":12},"end":{"line":58,"column":83}},"39":{"start":{"line":59,"column":12},"end":{"line":59,"column":19}},"40":{"start":{"line":63,"column":23},"end":{"line":63,"column":58}},"41":{"start":{"line":64,"column":8},"end":{"line":67,"column":9}},"42":{"start":{"line":65,"column":12},"end":{"line":65,"column":80}},"43":{"start":{"line":66,"column":12},"end":{"line":66,"column":19}},"44":{"start":{"line":68,"column":8},"end":{"line":71,"column":9}},"45":{"start":{"line":69,"column":12},"end":{"line":69,"column":84}},"46":{"start":{"line":70,"column":12},"end":{"line":70,"column":19}},"47":{"start":{"line":74,"column":19},"end":{"line":74,"column":26}},"48":{"start":{"line":75,"column":27},"end":{"line":79,"column":10}},"49":{"start":{"line":76,"column":25},"end":{"line":76,"column":79}},"50":{"start":{"line":77,"column":12},"end":{"line":77,"column":54}},"51":{"start":{"line":78,"column":12},"end":{"line":78,"column":24}},"52":{"start":{"line":81,"column":21},"end":{"line":81,"column":33}},"53":{"start":{"line":82,"column":8},"end":{"line":82,"column":60}},"54":{"start":{"line":86,"column":4},"end":{"line":112,"column":7}},"55":{"start":{"line":87,"column":19},"end":{"line":87,"column":42}},"56":{"start":{"line":88,"column":8},"end":{"line":91,"column":9}},"57":{"start":{"line":89,"column":12},"end":{"line":89,"column":74}},"58":{"start":{"line":90,"column":12},"end":{"line":90,"column":19}},"59":{"start":{"line":93,"column":25},"end":{"line":93,"column":51}},"60":{"start":{"line":94,"column":8},"end":{"line":97,"column":9}},"61":{"start":{"line":95,"column":12},"end":{"line":95,"column":78}},"62":{"start":{"line":96,"column":12},"end":{"line":96,"column":19}},"63":{"start":{"line":98,"column":8},"end":{"line":101,"column":9}},"64":{"start":{"line":99,"column":12},"end":{"line":99,"column":85}},"65":{"start":{"line":100,"column":12},"end":{"line":100,"column":19}},"66":{"start":{"line":103,"column":19},"end":{"line":103,"column":26}},"67":{"start":{"line":104,"column":27},"end":{"line":108,"column":10}},"68":{"start":{"line":105,"column":25},"end":{"line":105,"column":53}},"69":{"start":{"line":106,"column":12},"end":{"line":106,"column":63}},"70":{"start":{"line":107,"column":12},"end":{"line":107,"column":24}},"71":{"start":{"line":110,"column":21},"end":{"line":110,"column":33}},"72":{"start":{"line":111,"column":8},"end":{"line":111,"column":48}},"73":{"start":{"line":114,"column":4},"end":{"line":114,"column":18}}},"fnMap":{"0":{"name":"createLoanRouter","decl":{"start":{"line":8,"column":16},"end":{"line":8,"column":32}},"loc":{"start":{"line":11,"column":33},"end":{"line":115,"column":1}}},"1":{"name":"(anonymous_1)","decl":{"start":{"line":14,"column":24},"end":{"line":14,"column":27}},"loc":{"start":{"line":14,"column":30},"end":{"line":14,"column":69}}},"2":{"name":"(anonymous_2)","decl":{"start":{"line":15,"column":24},"end":{"line":15,"column":27}},"loc":{"start":{"line":15,"column":30},"end":{"line":15,"column":69}}},"3":{"name":"(anonymous_3)","decl":{"start":{"line":16,"column":26},"end":{"line":16,"column":29}},"loc":{"start":{"line":16,"column":32},"end":{"line":16,"column":75}}},"4":{"name":"(anonymous_4)","decl":{"start":{"line":19,"column":20},"end":{"line":19,"column":21}},"loc":{"start":{"line":19,"column":52},"end":{"line":25,"column":5}}},"5":{"name":"(anonymous_5)","decl":{"start":{"line":28,"column":23},"end":{"line":28,"column":24}},"loc":{"start":{"line":28,"column":55},"end":{"line":40,"column":5}}},"6":{"name":"(anonymous_6)","decl":{"start":{"line":43,"column":21},"end":{"line":43,"column":22}},"loc":{"start":{"line":43,"column":53},"end":{"line":83,"column":5}}},"7":{"name":"(anonymous_7)","decl":{"start":{"line":75,"column":42},"end":{"line":75,"column":45}},"loc":{"start":{"line":75,"column":47},"end":{"line":79,"column":9}}},"8":{"name":"(anonymous_8)","decl":{"start":{"line":86,"column":30},"end":{"line":86,"column":31}},"loc":{"start":{"line":86,"column":62},"end":{"line":112,"column":5}}},"9":{"name":"(anonymous_9)","decl":{"start":{"line":104,"column":42},"end":{"line":104,"column":45}},"loc":{"start":{"line":104,"column":47},"end":{"line":108,"column":9}}}},"branchMap":{"0":{"loc":{"start":{"line":14,"column":30},"end":{"line":14,"column":69}},"type":"binary-expr","locations":[{"start":{"line":14,"column":30},"end":{"line":14,"column":38}},{"start":{"line":14,"column":42},"end":{"line":14,"column":69}}]},"1":{"loc":{"start":{"line":15,"column":30},"end":{"line":15,"column":69}},"type":"binary-expr","locations":[{"start":{"line":15,"column":30},"end":{"line":15,"column":38}},{"start":{"line":15,"column":42},"end":{"line":15,"column":69}}]},"2":{"loc":{"start":{"line":16,"column":32},"end":{"line":16,"column":75}},"type":"binary-expr","locations":[{"start":{"line":16,"column":32},"end":{"line":16,"column":42}},{"start":{"line":16,"column":46},"end":{"line":16,"column":75}}]},"3":{"loc":{"start":{"line":30,"column":8},"end":{"line":33,"column":9}},"type":"if","locations":[{"start":{"line":30,"column":8},"end":{"line":33,"column":9}}]},"4":{"loc":{"start":{"line":35,"column":8},"end":{"line":38,"column":9}},"type":"if","locations":[{"start":{"line":35,"column":8},"end":{"line":38,"column":9}}]},"5":{"loc":{"start":{"line":46,"column":8},"end":{"line":49,"column":9}},"type":"if","locations":[{"start":{"line":46,"column":8},"end":{"line":49,"column":9}}]},"6":{"loc":{"start":{"line":46,"column":12},"end":{"line":46,"column":34}},"type":"binary-expr","locations":[{"start":{"line":46,"column":12},"end":{"line":46,"column":20}},{"start":{"line":46,"column":24},"end":{"line":46,"column":34}}]},"7":{"loc":{"start":{"line":53,"column":8},"end":{"line":56,"column":9}},"type":"if","locations":[{"start":{"line":53,"column":8},"end":{"line":56,"column":9}}]},"8":{"loc":{"start":{"line":57,"column":8},"end":{"line":60,"column":9}},"type":"if","locations":[{"start":{"line":57,"column":8},"end":{"line":60,"column":9}}]},"9":{"loc":{"start":{"line":64,"column":8},"end":{"line":67,"column":9}},"type":"if","locations":[{"start":{"line":64,"column":8},"end":{"line":67,"column":9}}]},"10":{"loc":{"start":{"line":68,"column":8},"end":{"line":71,"column":9}},"type":"if","locations":[{"start":{"line":68,"column":8},"end":{"line":71,"column":9}}]},"11":{"loc":{"start":{"line":88,"column":8},"end":{"line":91,"column":9}},"type":"if","locations":[{"start":{"line":88,"column":8},"end":{"line":91,"column":9}}]},"12":{"loc":{"start":{"line":94,"column":8},"end":{"line":97,"column":9}},"type":"if","locations":[{"start":{"line":94,"column":8},"end":{"line":97,"column":9}}]},"13":{"loc":{"start":{"line":98,"column":8},"end":{"line":101,"column":9}},"type":"if","locations":[{"start":{"line":98,"column":8},"end":{"line":101,"column":9}}]}},"s":{"0":1,"1":1,"2":1,"3":1,"4":1,"5":1,"6":22,"7":22,"8":14,"9":22,"10":19,"11":22,"12":8,"13":22,"14":0,"15":0,"16":0,"17":0,"18":22,"19":0,"20":0,"21":0,"22":0,"23":0,"24":0,"25":0,"26":0,"27":0,"28":22,"29":9,"30":9,"31":0,"32":0,"33":9,"34":9,"35":0,"36":0,"37":9,"38":1,"39":1,"40":8,"41":8,"42":0,"43":0,"44":8,"45":1,"46":1,"47":7,"48":7,"49":7,"50":7,"51":7,"52":7,"53":7,"54":22,"55":4,"56":4,"57":0,"58":0,"59":4,"60":4,"61":0,"62":0,"63":4,"64":1,"65":1,"66":3,"67":3,"68":3,"69":3,"70":3,"71":3,"72":3,"73":22},"f":{"0":22,"1":14,"2":19,"3":8,"4":0,"5":0,"6":9,"7":7,"8":4,"9":3},"b":{"0":[14,0],"1":[19,0],"2":[8,0],"3":[0],"4":[0],"5":[0],"6":[9,9],"7":[0],"8":[1],"9":[0],"10":[1],"11":[0],"12":[0],"13":[1]}}
,"C:\\Users\\User\\Documents\\2025-2026\\CSA311\\lab13\\partB\\src\\routes\\member.routes.ts": {"path":"C:\\Users\\User\\Documents\\2025-2026\\CSA311\\lab13\\partB\\src\\routes\\member.routes.ts","statementMap":{"0":{"start":{"line":7,"column":0},"end":{"line":7,"column":16}},"1":{"start":{"line":2,"column":0},"end":{"line":2,"column":52}},"2":{"start":{"line":3,"column":0},"end":{"line":3,"column":68}},"3":{"start":{"line":4,"column":0},"end":{"line":4,"column":39}},"4":{"start":{"line":8,"column":19},"end":{"line":8,"column":27}},"5":{"start":{"line":9,"column":20},"end":{"line":9,"column":69}},"6":{"start":{"line":9,"column":26},"end":{"line":9,"column":69}},"7":{"start":{"line":12,"column":4},"end":{"line":17,"column":7}},"8":{"start":{"line":13,"column":23},"end":{"line":13,"column":61}},"9":{"start":{"line":14,"column":23},"end":{"line":14,"column":61}},"10":{"start":{"line":15,"column":24},"end":{"line":15,"column":57}},"11":{"start":{"line":16,"column":8},"end":{"line":16,"column":51}},"12":{"start":{"line":20,"column":4},"end":{"line":32,"column":7}},"13":{"start":{"line":21,"column":19},"end":{"line":21,"column":42}},"14":{"start":{"line":22,"column":8},"end":{"line":25,"column":9}},"15":{"start":{"line":23,"column":12},"end":{"line":23,"column":74}},"16":{"start":{"line":24,"column":12},"end":{"line":24,"column":19}},"17":{"start":{"line":26,"column":23},"end":{"line":26,"column":45}},"18":{"start":{"line":27,"column":8},"end":{"line":30,"column":9}},"19":{"start":{"line":28,"column":12},"end":{"line":28,"column":80}},"20":{"start":{"line":29,"column":12},"end":{"line":29,"column":19}},"21":{"start":{"line":31,"column":8},"end":{"line":31,"column":50}},"22":{"start":{"line":35,"column":4},"end":{"line":54,"column":7}},"23":{"start":{"line":36,"column":39},"end":{"line":36,"column":66}},"24":{"start":{"line":37,"column":8},"end":{"line":40,"column":9}},"25":{"start":{"line":38,"column":12},"end":{"line":38,"column":91}},"26":{"start":{"line":39,"column":12},"end":{"line":39,"column":19}},"27":{"start":{"line":42,"column":27},"end":{"line":42,"column":55}},"28":{"start":{"line":43,"column":8},"end":{"line":46,"column":9}},"29":{"start":{"line":44,"column":12},"end":{"line":44,"column":84}},"30":{"start":{"line":45,"column":12},"end":{"line":45,"column":19}},"31":{"start":{"line":48,"column":8},"end":{"line":51,"column":9}},"32":{"start":{"line":49,"column":12},"end":{"line":49,"column":88}},"33":{"start":{"line":50,"column":12},"end":{"line":50,"column":19}},"34":{"start":{"line":52,"column":23},"end":{"line":52,"column":76}},"35":{"start":{"line":53,"column":8},"end":{"line":53,"column":62}},"36":{"start":{"line":57,"column":4},"end":{"line":70,"column":7}},"37":{"start":{"line":58,"column":19},"end":{"line":58,"column":42}},"38":{"start":{"line":59,"column":8},"end":{"line":62,"column":9}},"39":{"start":{"line":60,"column":12},"end":{"line":60,"column":74}},"40":{"start":{"line":61,"column":12},"end":{"line":61,"column":19}},"41":{"start":{"line":63,"column":20},"end":{"line":63,"column":47}},"42":{"start":{"line":64,"column":23},"end":{"line":64,"column":48}},"43":{"start":{"line":65,"column":8},"end":{"line":68,"column":9}},"44":{"start":{"line":66,"column":12},"end":{"line":66,"column":80}},"45":{"start":{"line":67,"column":12},"end":{"line":67,"column":19}},"46":{"start":{"line":69,"column":8},"end":{"line":69,"column":50}},"47":{"start":{"line":73,"column":4},"end":{"line":85,"column":7}},"48":{"start":{"line":74,"column":19},"end":{"line":74,"column":42}},"49":{"start":{"line":75,"column":8},"end":{"line":78,"column":9}},"50":{"start":{"line":76,"column":12},"end":{"line":76,"column":74}},"51":{"start":{"line":77,"column":12},"end":{"line":77,"column":19}},"52":{"start":{"line":79,"column":24},"end":{"line":79,"column":44}},"53":{"start":{"line":80,"column":8},"end":{"line":83,"column":9}},"54":{"start":{"line":81,"column":12},"end":{"line":81,"column":80}},"55":{"start":{"line":82,"column":12},"end":{"line":82,"column":19}},"56":{"start":{"line":84,"column":8},"end":{"line":84,"column":63}},"57":{"start":{"line":87,"column":4},"end":{"line":87,"column":18}}},"fnMap":{"0":{"name":"createMemberRouter","decl":{"start":{"line":7,"column":16},"end":{"line":7,"column":34}},"loc":{"start":{"line":7,"column":64},"end":{"line":88,"column":1}}},"1":{"name":"(anonymous_1)","decl":{"start":{"line":9,"column":20},"end":{"line":9,"column":23}},"loc":{"start":{"line":9,"column":26},"end":{"line":9,"column":69}}},"2":{"name":"(anonymous_2)","decl":{"start":{"line":12,"column":20},"end":{"line":12,"column":21}},"loc":{"start":{"line":12,"column":52},"end":{"line":17,"column":5}}},"3":{"name":"(anonymous_3)","decl":{"start":{"line":20,"column":23},"end":{"line":20,"column":24}},"loc":{"start":{"line":20,"column":55},"end":{"line":32,"column":5}}},"4":{"name":"(anonymous_4)","decl":{"start":{"line":35,"column":21},"end":{"line":35,"column":22}},"loc":{"start":{"line":35,"column":53},"end":{"line":54,"column":5}}},"5":{"name":"(anonymous_5)","decl":{"start":{"line":57,"column":23},"end":{"line":57,"column":24}},"loc":{"start":{"line":57,"column":55},"end":{"line":70,"column":5}}},"6":{"name":"(anonymous_6)","decl":{"start":{"line":73,"column":26},"end":{"line":73,"column":27}},"loc":{"start":{"line":73,"column":58},"end":{"line":85,"column":5}}}},"branchMap":{"0":{"loc":{"start":{"line":9,"column":26},"end":{"line":9,"column":69}},"type":"binary-expr","locations":[{"start":{"line":9,"column":26},"end":{"line":9,"column":36}},{"start":{"line":9,"column":40},"end":{"line":9,"column":69}}]},"1":{"loc":{"start":{"line":22,"column":8},"end":{"line":25,"column":9}},"type":"if","locations":[{"start":{"line":22,"column":8},"end":{"line":25,"column":9}}]},"2":{"loc":{"start":{"line":27,"column":8},"end":{"line":30,"column":9}},"type":"if","locations":[{"start":{"line":27,"column":8},"end":{"line":30,"column":9}}]},"3":{"loc":{"start":{"line":37,"column":8},"end":{"line":40,"column":9}},"type":"if","locations":[{"start":{"line":37,"column":8},"end":{"line":40,"column":9}}]},"4":{"loc":{"start":{"line":37,"column":12},"end":{"line":37,"column":27}},"type":"binary-expr","locations":[{"start":{"line":37,"column":12},"end":{"line":37,"column":17}},{"start":{"line":37,"column":21},"end":{"line":37,"column":27}}]},"5":{"loc":{"start":{"line":43,"column":8},"end":{"line":46,"column":9}},"type":"if","locations":[{"start":{"line":43,"column":8},"end":{"line":46,"column":9}}]},"6":{"loc":{"start":{"line":48,"column":8},"end":{"line":51,"column":9}},"type":"if","locations":[{"start":{"line":48,"column":8},"end":{"line":51,"column":9}}]},"7":{"loc":{"start":{"line":52,"column":62},"end":{"line":52,"column":73}},"type":"binary-expr","locations":[{"start":{"line":52,"column":62},"end":{"line":52,"column":67}},{"start":{"line":52,"column":71},"end":{"line":52,"column":73}}]},"8":{"loc":{"start":{"line":59,"column":8},"end":{"line":62,"column":9}},"type":"if","locations":[{"start":{"line":59,"column":8},"end":{"line":62,"column":9}}]},"9":{"loc":{"start":{"line":65,"column":8},"end":{"line":68,"column":9}},"type":"if","locations":[{"start":{"line":65,"column":8},"end":{"line":68,"column":9}}]},"10":{"loc":{"start":{"line":75,"column":8},"end":{"line":78,"column":9}},"type":"if","locations":[{"start":{"line":75,"column":8},"end":{"line":78,"column":9}}]},"11":{"loc":{"start":{"line":80,"column":8},"end":{"line":83,"column":9}},"type":"if","locations":[{"start":{"line":80,"column":8},"end":{"line":83,"column":9}}]}},"s":{"0":1,"1":1,"2":1,"3":1,"4":22,"5":22,"6":30,"7":22,"8":1,"9":1,"10":1,"11":1,"12":22,"13":0,"14":0,"15":0,"16":0,"17":0,"18":0,"19":0,"20":0,"21":0,"22":22,"23":15,"24":15,"25":0,"26":0,"27":15,"28":15,"29":1,"30":1,"31":14,"32":1,"33":1,"34":13,"35":13,"36":22,"37":2,"38":2,"39":0,"40":0,"41":2,"42":2,"43":2,"44":0,"45":0,"46":2,"47":22,"48":0,"49":0,"50":0,"51":0,"52":0,"53":0,"54":0,"55":0,"56":0,"57":22},"f":{"0":22,"1":30,"2":1,"3":0,"4":15,"5":2,"6":0},"b":{"0":[30,0],"1":[0],"2":[0],"3":[0],"4":[15,15],"5":[1],"6":[1],"7":[13,12],"8":[0],"9":[0],"10":[0],"11":[0]}}
}
