TN:
SF:src\db\database.ts
FN:7,getDb
FN:19,closeDb
FN:26,createTestDb
FN:33,runMigrations
FNF:4
FNH:3
FNDA:10,getDb
FNDA:0,closeDb
FNDA:22,createTestDb
FNDA:23,runMigrations
DA:1,1
DA:2,1
DA:7,1
DA:8,10
DA:9,1
DA:10,1
DA:11,1
DA:12,1
DA:13,1
DA:14,1
DA:16,10
DA:19,1
DA:20,0
DA:21,0
DA:22,0
DA:26,1
DA:27,22
DA:28,22
DA:29,22
DA:30,22
DA:34,23
LF:21
LH:18
BRDA:8,0,0,1
BRDA:9,1,0,1
BRDA:9,1,1,1
BRDA:20,2,0,0
BRF:4
BRH:3
end_of_record
TN:
SF:src\middleware\errorHandler.ts
FN:8,errorHandler
FN:26,notFound
FNF:2
FNH:0
FNDA:0,errorHandler
FNDA:0,notFound
DA:8,1
DA:14,0
DA:15,0
DA:19,0
DA:23,0
DA:26,1
DA:27,0
LF:7
LH:2
BRDA:14,0,0,0
BRDA:14,0,1,0
BRDA:15,1,0,0
BRDA:15,1,1,0
BRDA:15,2,0,0
BRDA:15,2,1,0
BRF:6
BRH:0
end_of_record
TN:
SF:src\repositories\BookRepository.ts
FN:5,(anonymous_0)
FN:7,(anonymous_1)
FN:25,(anonymous_2)
FN:33,(anonymous_3)
FN:41,(anonymous_4)
FN:57,(anonymous_5)
FN:87,(anonymous_6)
FN:92,(anonymous_7)
FN:98,(anonymous_8)
FNF:9
FNH:9
FNDA:22,(anonymous_0)
FNDA:3,(anonymous_1)
FNDA:30,(anonymous_2)
FNDA:16,(anonymous_3)
FNDA:15,(anonymous_4)
FNDA:1,(anonymous_5)
FNDA:1,(anonymous_6)
FNDA:7,(anonymous_7)
FNDA:3,(anonymous_8)
DA:4,1
DA:5,22
DA:8,3
DA:9,1
DA:10,1
DA:18,2
DA:26,30
DA:34,16
DA:42,15
DA:54,15
DA:58,1
DA:59,1
DA:62,1
DA:63,1
DA:64,0
DA:65,0
DA:68,1
DA:84,1
DA:88,1
DA:89,1
DA:93,7
DA:99,3
LF:22
LH:20
BRDA:8,0,0,1
BRDA:59,1,0,0
BRDA:63,2,0,0
BRDA:75,3,0,1
BRDA:75,3,1,1
BRDA:76,4,0,1
BRDA:76,4,1,0
BRDA:77,5,0,1
BRDA:77,5,1,1
BRDA:78,6,0,1
BRDA:78,6,1,1
BRDA:79,7,0,1
BRDA:79,7,1,1
BRDA:80,8,0,1
BRDA:80,8,1,1
BRF:15
BRH:12
end_of_record
TN:
SF:src\repositories\LoanRepository.ts
FN:6,(anonymous_0)
FN:8,(anonymous_1)
FN:28,(anonymous_2)
FN:41,(anonymous_3)
FN:48,(anonymous_4)
FN:55,(anonymous_5)
FN:64,(anonymous_6)
FN:74,(anonymous_7)
FN:82,(anonymous_8)
FNF:9
FNH:7
FNDA:22,(anonymous_0)
FNDA:0,(anonymous_1)
FNDA:14,(anonymous_2)
FNDA:0,(anonymous_3)
FNDA:1,(anonymous_4)
FNDA:7,(anonymous_5)
FNDA:3,(anonymous_6)
FNDA:1,(anonymous_7)
FNDA:1,(anonymous_8)
DA:5,1
DA:6,22
DA:9,0
DA:19,0
DA:20,0
DA:21,0
DA:22,0
DA:24,0
DA:25,0
DA:29,14
DA:42,0
DA:49,1
DA:56,7
DA:57,7
DA:61,7
DA:65,3
DA:70,3
DA:75,1
DA:79,1
DA:83,1
DA:87,1
DA:88,1
DA:89,0
DA:91,1
LF:24
LH:15
BRDA:20,0,0,0
BRDA:56,1,0,7
BRDA:56,1,1,7
BRF:3
BRH:2
end_of_record
TN:
SF:src\repositories\MemberRepository.ts
FN:5,(anonymous_0)
FN:7,(anonymous_1)
FN:27,(anonymous_2)
FN:34,(anonymous_3)
FN:41,(anonymous_4)
FN:48,(anonymous_5)
FN:66,(anonymous_6)
FNF:7
FNH:6
FNDA:22,(anonymous_0)
FNDA:3,(anonymous_1)
FNDA:25,(anonymous_2)
FNDA:14,(anonymous_3)
FNDA:13,(anonymous_4)
FNDA:2,(anonymous_5)
FNDA:0,(anonymous_6)
DA:4,1
DA:5,22
DA:8,3
DA:12,3
DA:14,3
DA:15,0
DA:16,0
DA:18,3
DA:19,1
DA:20,1
DA:22,3
DA:24,3
DA:28,25
DA:35,14
DA:42,13
DA:45,13
DA:49,2
DA:50,2
DA:52,2
DA:63,2
DA:67,0
DA:68,0
LF:22
LH:18
BRDA:14,0,0,0
BRDA:18,1,0,1
BRDA:50,2,0,0
BRDA:57,3,0,2
BRDA:57,3,1,2
BRDA:58,4,0,2
BRDA:58,4,1,2
BRDA:59,5,0,2
BRDA:59,5,1,2
BRDA:60,6,0,2
BRDA:60,6,1,0
BRF:11
BRH:8
end_of_record
TN:
SF:src\routes\book.routes.ts
FN:7,createBookRouter
FN:10,(anonymous_1)
FN:11,(anonymous_2)
FN:14,(anonymous_3)
FN:22,(anonymous_4)
FN:37,(anonymous_5)
FN:68,(anonymous_6)
FN:84,(anonymous_7)
FNF:8
FNH:8
FNDA:22,createBookRouter
FNDA:39,(anonymous_1)
FNDA:1,(anonymous_2)
FNDA:2,(anonymous_3)
FNDA:4,(anonymous_4)
FNDA:17,(anonymous_5)
FNDA:1,(anonymous_6)
FNDA:1,(anonymous_7)
DA:1,1
DA:2,1
DA:3,1
DA:4,1
DA:7,1
DA:8,22
DA:10,39
DA:11,22
DA:14,22
DA:15,2
DA:16,2
DA:17,2
DA:18,2
DA:22,22
DA:23,4
DA:24,4
DA:25,0
DA:26,0
DA:28,4
DA:29,4
DA:30,1
DA:31,1
DA:33,3
DA:37,22
DA:38,17
DA:40,17
DA:41,1
DA:42,1
DA:44,16
DA:45,0
DA:46,0
DA:50,16
DA:51,16
DA:52,1
DA:53,1
DA:56,15
DA:64,15
DA:68,22
DA:69,1
DA:70,1
DA:71,0
DA:72,0
DA:74,1
DA:75,1
DA:76,1
DA:77,0
DA:78,0
DA:80,1
DA:84,22
DA:85,1
DA:86,1
DA:87,0
DA:88,0
DA:91,1
DA:92,1
DA:93,0
DA:94,0
DA:96,1
DA:97,1
DA:98,0
DA:99,0
DA:101,1
DA:104,22
LF:63
LH:49
BRDA:10,0,0,39
BRDA:10,0,1,0
BRDA:11,1,0,1
BRDA:11,1,1,0
BRDA:24,2,0,0
BRDA:29,3,0,1
BRDA:40,4,0,1
BRDA:40,5,0,17
BRDA:40,5,1,17
BRDA:40,5,2,16
BRDA:44,6,0,0
BRDA:44,7,0,16
BRDA:44,7,1,9
BRDA:44,7,2,9
BRDA:51,8,0,1
BRDA:60,9,0,15
BRDA:60,9,1,14
BRDA:61,10,0,15
BRDA:61,10,1,14
BRDA:62,11,0,15
BRDA:62,11,1,6
BRDA:70,12,0,0
BRDA:76,13,0,0
BRDA:86,14,0,0
BRDA:92,15,0,0
BRDA:97,16,0,0
BRF:26
BRH:17
end_of_record
TN:
SF:src\routes\dashboard.routes.ts
FN:8,createDashboardRouter
FN:14,(anonymous_1)
FN:15,(anonymous_2)
FN:16,(anonymous_3)
FN:19,(anonymous_4)
FN:28,(anonymous_5)
FN:29,(anonymous_6)
FNF:7
FNH:7
FNDA:22,createDashboardRouter
FNDA:1,(anonymous_1)
FNDA:2,(anonymous_2)
FNDA:2,(anonymous_3)
FNDA:1,(anonymous_4)
FNDA:1,(anonymous_5)
FNDA:1,(anonymous_6)
DA:1,1
DA:2,1
DA:3,1
DA:4,1
DA:5,1
DA:8,1
DA:13,22
DA:14,22
DA:15,22
DA:16,22
DA:19,22
DA:21,1
DA:23,1
DA:24,1
DA:25,1
DA:26,1
DA:28,1
DA:29,1
DA:31,1
DA:41,1
DA:44,22
LF:21
LH:21
BRDA:14,0,0,1
BRDA:14,0,1,0
BRDA:15,1,0,2
BRDA:15,1,1,0
BRDA:16,2,0,2
BRDA:16,2,1,0
BRDA:37,3,0,1
BRDA:37,3,1,0
BRDA:38,4,0,1
BRDA:38,4,1,0
BRF:10
BRH:5
end_of_record
TN:
SF:src\routes\loan.routes.ts
FN:8,createLoanRouter
FN:14,(anonymous_1)
FN:15,(anonymous_2)
FN:16,(anonymous_3)
FN:19,(anonymous_4)
FN:28,(anonymous_5)
FN:43,(anonymous_6)
FN:75,(anonymous_7)
FN:86,(anonymous_8)
FN:104,(anonymous_9)
FNF:10
FNH:8
FNDA:22,createLoanRouter
FNDA:14,(anonymous_1)
FNDA:19,(anonymous_2)
FNDA:8,(anonymous_3)
FNDA:0,(anonymous_4)
FNDA:0,(anonymous_5)
FNDA:9,(anonymous_6)
FNDA:7,(anonymous_7)
FNDA:4,(anonymous_8)
FNDA:3,(anonymous_9)
DA:1,1
DA:2,1
DA:3,1
DA:4,1
DA:5,1
DA:8,1
DA:13,22
DA:14,22
DA:15,22
DA:16,22
DA:19,22
DA:20,0
DA:22,0
DA:23,0
DA:24,0
DA:28,22
DA:29,0
DA:30,0
DA:31,0
DA:32,0
DA:34,0
DA:35,0
DA:36,0
DA:37,0
DA:39,0
DA:43,22
DA:44,9
DA:46,9
DA:47,0
DA:48,0
DA:52,9
DA:53,9
DA:54,0
DA:55,0
DA:57,9
DA:58,1
DA:59,1
DA:63,8
DA:64,8
DA:65,0
DA:66,0
DA:68,8
DA:69,1
DA:70,1
DA:74,7
DA:75,7
DA:76,7
DA:77,7
DA:78,7
DA:81,7
DA:82,7
DA:86,22
DA:87,4
DA:88,4
DA:89,0
DA:90,0
DA:93,4
DA:94,4
DA:95,0
DA:96,0
DA:98,4
DA:99,1
DA:100,1
DA:103,3
DA:104,3
DA:105,3
DA:106,3
DA:107,3
DA:110,3
DA:111,3
DA:114,22
LF:71
LH:48
BRDA:14,0,0,14
BRDA:14,0,1,0
BRDA:15,1,0,19
BRDA:15,1,1,0
BRDA:16,2,0,8
BRDA:16,2,1,0
BRDA:30,3,0,0
BRDA:35,4,0,0
BRDA:46,5,0,0
BRDA:46,6,0,9
BRDA:46,6,1,9
BRDA:53,7,0,0
BRDA:57,8,0,1
BRDA:64,9,0,0
BRDA:68,10,0,1
BRDA:88,11,0,0
BRDA:94,12,0,0
BRDA:98,13,0,1
BRF:18
BRH:8
end_of_record
TN:
SF:src\routes\member.routes.ts
FN:7,createMemberRouter
FN:9,(anonymous_1)
FN:12,(anonymous_2)
FN:20,(anonymous_3)
FN:35,(anonymous_4)
FN:57,(anonymous_5)
FN:73,(anonymous_6)
FNF:7
FNH:5
FNDA:22,createMemberRouter
FNDA:30,(anonymous_1)
FNDA:1,(anonymous_2)
FNDA:0,(anonymous_3)
FNDA:15,(anonymous_4)
FNDA:2,(anonymous_5)
FNDA:0,(anonymous_6)
DA:2,1
DA:3,1
DA:4,1
DA:7,1
DA:8,22
DA:9,30
DA:12,22
DA:13,1
DA:14,1
DA:15,1
DA:16,1
DA:20,22
DA:21,0
DA:22,0
DA:23,0
DA:24,0
DA:26,0
DA:27,0
DA:28,0
DA:29,0
DA:31,0
DA:35,22
DA:36,15
DA:37,15
DA:38,0
DA:39,0
DA:42,15
DA:43,15
DA:44,1
DA:45,1
DA:48,14
DA:49,1
DA:50,1
DA:52,13
DA:53,13
DA:57,22
DA:58,2
DA:59,2
DA:60,0
DA:61,0
DA:63,2
DA:64,2
DA:65,2
DA:66,0
DA:67,0
DA:69,2
DA:73,22
DA:74,0
DA:75,0
DA:76,0
DA:77,0
DA:79,0
DA:80,0
DA:81,0
DA:82,0
DA:84,0
DA:87,22
LF:57
LH:33
BRDA:9,0,0,30
BRDA:9,0,1,0
BRDA:22,1,0,0
BRDA:27,2,0,0
BRDA:37,3,0,0
BRDA:37,4,0,15
BRDA:37,4,1,15
BRDA:43,5,0,1
BRDA:48,6,0,1
BRDA:52,7,0,13
BRDA:52,7,1,12
BRDA:59,8,0,0
BRDA:65,9,0,0
BRDA:75,10,0,0
BRDA:80,11,0,0
BRF:15
BRH:7
end_of_record
